[35m[1mConsolidate compiler generated dependencies of target move_mode_destroyer[0m
[ 75%] Built target drive_mode_destroyer
[ 75%] Built target auto_mode_destroyer
[ 75%] Built target check_move_destroyer
[100%] Built target move_mode_destroyer
-- Install configuration: ""
-- Up-to-date: /home/aryxon/tugas-d2-sekuro18-13325096/install/destroyer/lib/destroyer/auto_mode_destroyer
-- Up-to-date: /home/aryxon/tugas-d2-sekuro18-13325096/install/destroyer/lib/destroyer/check_move_destroyer
-- Up-to-date: /home/aryxon/tugas-d2-sekuro18-13325096/install/destroyer/lib/destroyer/drive_mode_destroyer
-- Up-to-date: /home/aryxon/tugas-d2-sekuro18-13325096/install/destroyer/lib/destroyer/move_mode_destroyer
-- Up-to-date: /home/aryxon/tugas-d2-sekuro18-13325096/install/destroyer/share/destroyer/launch
-- Up-to-date: /home/aryxon/tugas-d2-sekuro18-13325096/install/destroyer/share/destroyer/launch/.gitkeep
-- Up-to-date: /home/aryxon/tugas-d2-sekuro18-13325096/install/destroyer/share/destroyer/launch/anzio_launch.py
-- Up-to-date: /home/aryxon/tugas-d2-sekuro18-13325096/install/destroyer/share/ament_index/resource_index/package_run_dependencies/destroyer
-- Up-to-date: /home/aryxon/tugas-d2-sekuro18-13325096/install/destroyer/share/ament_index/resource_index/parent_prefix_path/destroyer
-- Up-to-date: /home/aryxon/tugas-d2-sekuro18-13325096/install/destroyer/share/destroyer/environment/ament_prefix_path.sh
-- Up-to-date: /home/aryxon/tugas-d2-sekuro18-13325096/install/destroyer/share/destroyer/environment/ament_prefix_path.dsv
-- Up-to-date: /home/aryxon/tugas-d2-sekuro18-13325096/install/destroyer/share/destroyer/environment/path.sh
-- Up-to-date: /home/aryxon/tugas-d2-sekuro18-13325096/install/destroyer/share/destroyer/environment/path.dsv
-- Up-to-date: /home/aryxon/tugas-d2-sekuro18-13325096/install/destroyer/share/destroyer/local_setup.bash
-- Up-to-date: /home/aryxon/tugas-d2-sekuro18-13325096/install/destroyer/share/destroyer/local_setup.sh
-- Up-to-date: /home/aryxon/tugas-d2-sekuro18-13325096/install/destroyer/share/destroyer/local_setup.zsh
-- Up-to-date: /home/aryxon/tugas-d2-sekuro18-13325096/install/destroyer/share/destroyer/local_setup.dsv
-- Installing: /home/aryxon/tugas-d2-sekuro18-13325096/install/destroyer/share/destroyer/package.dsv
-- Up-to-date: /home/aryxon/tugas-d2-sekuro18-13325096/install/destroyer/share/ament_index/resource_index/packages/destroyer
-- Up-to-date: /home/aryxon/tugas-d2-sekuro18-13325096/install/destroyer/share/destroyer/cmake/destroyerConfig.cmake
-- Up-to-date: /home/aryxon/tugas-d2-sekuro18-13325096/install/destroyer/share/destroyer/cmake/destroyerConfig-version.cmake
-- Up-to-date: /home/aryxon/tugas-d2-sekuro18-13325096/install/destroyer/share/destroyer/package.xml
