[0.008s] Invoking command in '/home/aryxon/tugas-d2-sekuro18-13325096/build/destroyer': CMAKE_PREFIX_PATH=/opt/ros/humble /usr/bin/cmake /home/aryxon/tugas-d2-sekuro18-13325096/src/destroyer -DCMAKE_INSTALL_PREFIX=/home/aryxon/tugas-d2-sekuro18-13325096/install/destroyer
[0.130s] -- The C compiler identification is GNU 11.4.0
[0.501s] -- The CXX compiler identification is GNU 11.4.0
[0.806s] -- Detecting C compiler ABI info
[0.931s] -- Detecting C compiler ABI info - done
[0.936s] -- Check for working C compiler: /usr/bin/cc - skipped
[0.936s] -- Detecting C compile features
[0.937s] -- Detecting C compile features - done
[0.939s] -- Detecting CXX compiler ABI info
[1.082s] -- Detecting CXX compiler ABI info - done
[1.088s] -- Check for working CXX compiler: /usr/bin/c++ - skipped
[1.088s] -- Detecting CXX compile features
[1.088s] -- Detecting CXX compile features - done
[1.090s] -- Found ament_cmake: 1.3.13 (/opt/ros/humble/share/ament_cmake/cmake)
[1.200s] -- Found Python3: /usr/bin/python3 (found version "3.10.12") found components: Interpreter 
[1.262s] -- Found rclcpp: 16.0.18 (/opt/ros/humble/share/rclcpp/cmake)
[1.391s] -- Found rosidl_generator_c: 3.1.8 (/opt/ros/humble/share/rosidl_generator_c/cmake)
[1.394s] -- Found rosidl_adapter: 3.1.8 (/opt/ros/humble/share/rosidl_adapter/cmake)
[1.401s] -- Found rosidl_generator_cpp: 3.1.8 (/opt/ros/humble/share/rosidl_generator_cpp/cmake)
[1.409s] -- Using all available rosidl_typesupport_c: rosidl_typesupport_fastrtps_c;rosidl_typesupport_introspection_c
[1.419s] -- Using all available rosidl_typesupport_cpp: rosidl_typesupport_fastrtps_cpp;rosidl_typesupport_introspection_cpp
[1.445s] -- Found rmw_implementation_cmake: 6.1.2 (/opt/ros/humble/share/rmw_implementation_cmake/cmake)
[1.447s] -- Found rmw_fastrtps_cpp: 6.2.10 (/opt/ros/humble/share/rmw_fastrtps_cpp/cmake)
[2.144s] -- Found OpenSSL: /usr/lib/x86_64-linux-gnu/libcrypto.so (found version "3.0.2")  
[2.979s] -- Found FastRTPS: /opt/ros/humble/include  
[4.383s] -- Using RMW implementation 'rmw_fastrtps_cpp' as default
[4.388s] -- Looking for pthread.h
[4.522s] -- Looking for pthread.h - found
[4.522s] -- Performing Test CMAKE_HAVE_LIBC_PTHREAD
[4.835s] -- Performing Test CMAKE_HAVE_LIBC_PTHREAD - Success
[4.836s] -- Found Threads: TRUE  
[4.869s] -- Found geometry_msgs: 4.9.1 (/opt/ros/humble/share/geometry_msgs/cmake)
[4.881s] -- Found ament_lint_auto: 0.12.15 (/opt/ros/humble/share/ament_lint_auto/cmake)
[4.941s] -- Added test 'cppcheck' to perform static code analysis on C / C++ code
[4.941s] -- Configured cppcheck include dirs: 
[4.941s] -- Configured cppcheck exclude dirs and/or files: 
[4.942s] -- Added test 'flake8' to check Python code syntax and style conventions
[4.945s] -- Added test 'lint_cmake' to check CMake code style
[4.946s] -- Added test 'pep257' to check Python code against some of the docstring style conventions in PEP 257
[4.951s] -- Added test 'uncrustify' to check C / C++ code style
[4.951s] -- Configured uncrustify additional arguments: 
[4.952s] -- Added test 'xmllint' to check XML markup files
[4.954s] -- Configuring done
[4.970s] -- Generating done
[4.975s] -- Build files have been written to: /home/aryxon/tugas-d2-sekuro18-13325096/build/destroyer
[4.985s] Invoked command in '/home/aryxon/tugas-d2-sekuro18-13325096/build/destroyer' returned '0': CMAKE_PREFIX_PATH=/opt/ros/humble /usr/bin/cmake /home/aryxon/tugas-d2-sekuro18-13325096/src/destroyer -DCMAKE_INSTALL_PREFIX=/home/aryxon/tugas-d2-sekuro18-13325096/install/destroyer
[4.987s] Invoking command in '/home/aryxon/tugas-d2-sekuro18-13325096/build/destroyer': CMAKE_PREFIX_PATH=/opt/ros/humble /usr/bin/cmake --build /home/aryxon/tugas-d2-sekuro18-13325096/build/destroyer -- -j16 -l16
[5.022s] [ 12%] [32mBuilding CXX object CMakeFiles/auto_mode_destroyer.dir/src/destroyer_auto.cpp.o[0m
[5.023s] [ 25%] [32mBuilding CXX object CMakeFiles/check_move_destroyer.dir/src/destroyer_check.cpp.o[0m
[5.031s] [ 37%] [32mBuilding CXX object CMakeFiles/move_mode_destroyer.dir/src/destroyer_move.cpp.o[0m
[5.046s] [ 50%] [32mBuilding CXX object CMakeFiles/drive_mode_destroyer.dir/src/destroyer_drive.cpp.o[0m
[8.481s] [ 62%] [32m[1mLinking CXX executable drive_mode_destroyer[0m
[8.645s] [ 75%] [32m[1mLinking CXX executable auto_mode_destroyer[0m
[8.691s] [ 75%] Built target drive_mode_destroyer
[8.861s] [ 75%] Built target auto_mode_destroyer
[12.097s] [ 87%] [32m[1mLinking CXX executable check_move_destroyer[0m
[12.454s] [ 87%] Built target check_move_destroyer
[13.410s] [100%] [32m[1mLinking CXX executable move_mode_destroyer[0m
[13.903s] [100%] Built target move_mode_destroyer
[13.912s] Invoked command in '/home/aryxon/tugas-d2-sekuro18-13325096/build/destroyer' returned '0': CMAKE_PREFIX_PATH=/opt/ros/humble /usr/bin/cmake --build /home/aryxon/tugas-d2-sekuro18-13325096/build/destroyer -- -j16 -l16
[13.921s] Invoking command in '/home/aryxon/tugas-d2-sekuro18-13325096/build/destroyer': CMAKE_PREFIX_PATH=/opt/ros/humble /usr/bin/cmake --install /home/aryxon/tugas-d2-sekuro18-13325096/build/destroyer
[13.926s] -- Install configuration: ""
[13.926s] -- Installing: /home/aryxon/tugas-d2-sekuro18-13325096/install/destroyer/lib/destroyer/auto_mode_destroyer
[13.929s] -- Set runtime path of "/home/aryxon/tugas-d2-sekuro18-13325096/install/destroyer/lib/destroyer/auto_mode_destroyer" to ""
[13.929s] -- Installing: /home/aryxon/tugas-d2-sekuro18-13325096/install/destroyer/lib/destroyer/check_move_destroyer
[13.932s] -- Set runtime path of "/home/aryxon/tugas-d2-sekuro18-13325096/install/destroyer/lib/destroyer/check_move_destroyer" to ""
[13.932s] -- Installing: /home/aryxon/tugas-d2-sekuro18-13325096/install/destroyer/lib/destroyer/drive_mode_destroyer
[13.933s] -- Set runtime path of "/home/aryxon/tugas-d2-sekuro18-13325096/install/destroyer/lib/destroyer/drive_mode_destroyer" to ""
[13.933s] -- Installing: /home/aryxon/tugas-d2-sekuro18-13325096/install/destroyer/lib/destroyer/move_mode_destroyer
[13.938s] -- Set runtime path of "/home/aryxon/tugas-d2-sekuro18-13325096/install/destroyer/lib/destroyer/move_mode_destroyer" to ""
[13.938s] -- Installing: /home/aryxon/tugas-d2-sekuro18-13325096/install/destroyer/share/destroyer/launch
[13.938s] -- Installing: /home/aryxon/tugas-d2-sekuro18-13325096/install/destroyer/share/destroyer/launch/.gitkeep
[13.939s] -- Installing: /home/aryxon/tugas-d2-sekuro18-13325096/install/destroyer/share/ament_index/resource_index/package_run_dependencies/destroyer
[13.939s] -- Installing: /home/aryxon/tugas-d2-sekuro18-13325096/install/destroyer/share/ament_index/resource_index/parent_prefix_path/destroyer
[13.939s] -- Installing: /home/aryxon/tugas-d2-sekuro18-13325096/install/destroyer/share/destroyer/environment/ament_prefix_path.sh
[13.939s] -- Installing: /home/aryxon/tugas-d2-sekuro18-13325096/install/destroyer/share/destroyer/environment/ament_prefix_path.dsv
[13.939s] -- Installing: /home/aryxon/tugas-d2-sekuro18-13325096/install/destroyer/share/destroyer/environment/path.sh
[13.940s] -- Installing: /home/aryxon/tugas-d2-sekuro18-13325096/install/destroyer/share/destroyer/environment/path.dsv
[13.940s] -- Installing: /home/aryxon/tugas-d2-sekuro18-13325096/install/destroyer/share/destroyer/local_setup.bash
[13.940s] -- Installing: /home/aryxon/tugas-d2-sekuro18-13325096/install/destroyer/share/destroyer/local_setup.sh
[13.940s] -- Installing: /home/aryxon/tugas-d2-sekuro18-13325096/install/destroyer/share/destroyer/local_setup.zsh
[13.940s] -- Installing: /home/aryxon/tugas-d2-sekuro18-13325096/install/destroyer/share/destroyer/local_setup.dsv
[13.940s] -- Installing: /home/aryxon/tugas-d2-sekuro18-13325096/install/destroyer/share/destroyer/package.dsv
[13.940s] -- Installing: /home/aryxon/tugas-d2-sekuro18-13325096/install/destroyer/share/ament_index/resource_index/packages/destroyer
[13.940s] -- Installing: /home/aryxon/tugas-d2-sekuro18-13325096/install/destroyer/share/destroyer/cmake/destroyerConfig.cmake
[13.941s] -- Installing: /home/aryxon/tugas-d2-sekuro18-13325096/install/destroyer/share/destroyer/cmake/destroyerConfig-version.cmake
[13.941s] -- Installing: /home/aryxon/tugas-d2-sekuro18-13325096/install/destroyer/share/destroyer/package.xml
[13.943s] Invoked command in '/home/aryxon/tugas-d2-sekuro18-13325096/build/destroyer' returned '0': CMAKE_PREFIX_PATH=/opt/ros/humble /usr/bin/cmake --install /home/aryxon/tugas-d2-sekuro18-13325096/build/destroyer
