[0.703s] DEBUG:colcon:Command line arguments: ['/usr/bin/colcon', 'build']
[0.703s] DEBUG:colcon:Parsed command line arguments: Namespace(log_base=None, log_level=None, verb_name='build', build_base='build', install_base='install', merge_install=False, symlink_install=False, test_result_base=None, continue_on_error=False, executor='parallel', parallel_workers=16, event_handlers=None, ignore_user_meta=False, metas=['./colcon.meta'], base_paths=['.'], packages_ignore=None, packages_ignore_regex=None, paths=None, packages_up_to=None, packages_up_to_regex=None, packages_above=None, packages_above_and_dependencies=None, packages_above_depth=None, packages_select_by_dep=None, packages_skip_by_dep=None, packages_skip_up_to=None, packages_select_build_failed=False, packages_skip_build_finished=False, packages_select_test_failures=False, packages_skip_test_passed=False, packages_select=None, packages_skip=None, packages_select_regex=None, packages_skip_regex=None, packages_start=None, packages_end=None, allow_overriding=[], cmake_args=None, cmake_target=None, cmake_target_skip_unavailable=False, cmake_clean_cache=False, cmake_clean_first=False, cmake_force_configure=False, ament_cmake_args=None, catkin_cmake_args=None, catkin_skip_building_tests=False, mixin_files=None, mixin=None, verb_parser=<colcon_mixin.mixin.mixin_argument.MixinArgumentDecorator object at 0x734e41c4d240>, verb_extension=<colcon_core.verb.build.BuildVerb object at 0x734e41c4cb20>, main=<bound method BuildVerb.main of <colcon_core.verb.build.BuildVerb object at 0x734e41c4cb20>>, mixin_verb=('build',))
[0.787s] Level 1:colcon.colcon_core.package_discovery:discover_packages(colcon_meta) check parameters
[0.787s] Level 1:colcon.colcon_core.package_discovery:discover_packages(recursive) check parameters
[0.787s] Level 1:colcon.colcon_core.package_discovery:discover_packages(ignore) check parameters
[0.787s] Level 1:colcon.colcon_core.package_discovery:discover_packages(path) check parameters
[0.787s] Level 1:colcon.colcon_core.package_discovery:discover_packages(colcon_meta) discover
[0.788s] Level 1:colcon.colcon_core.package_discovery:discover_packages(recursive) discover
[0.788s] INFO:colcon.colcon_core.package_discovery:Crawling recursively for packages in '/home/aryxon/tugas-d2-sekuro18-13325096'
[0.788s] Level 1:colcon.colcon_core.package_identification:_identify(.) by extensions ['ignore', 'ignore_ament_install']
[0.788s] Level 1:colcon.colcon_core.package_identification:_identify(.) by extension 'ignore'
[0.788s] Level 1:colcon.colcon_core.package_identification:_identify(.) by extension 'ignore_ament_install'
[0.788s] Level 1:colcon.colcon_core.package_identification:_identify(.) by extensions ['colcon_pkg']
[0.788s] Level 1:colcon.colcon_core.package_identification:_identify(.) by extension 'colcon_pkg'
[0.788s] Level 1:colcon.colcon_core.package_identification:_identify(.) by extensions ['colcon_meta']
[0.788s] Level 1:colcon.colcon_core.package_identification:_identify(.) by extension 'colcon_meta'
[0.788s] Level 1:colcon.colcon_core.package_identification:_identify(.) by extensions ['ros']
[0.788s] Level 1:colcon.colcon_core.package_identification:_identify(.) by extension 'ros'
[0.795s] Level 1:colcon.colcon_core.package_identification:_identify(.) by extensions ['cmake', 'python']
[0.795s] Level 1:colcon.colcon_core.package_identification:_identify(.) by extension 'cmake'
[0.795s] Level 1:colcon.colcon_core.package_identification:_identify(.) by extension 'python'
[0.795s] Level 1:colcon.colcon_core.package_identification:_identify(.) by extensions ['python_setup_py']
[0.795s] Level 1:colcon.colcon_core.package_identification:_identify(.) by extension 'python_setup_py'
[0.795s] Level 1:colcon.colcon_core.package_identification:_identify(build) by extensions ['ignore', 'ignore_ament_install']
[0.796s] Level 1:colcon.colcon_core.package_identification:_identify(build) by extension 'ignore'
[0.796s] Level 1:colcon.colcon_core.package_identification:_identify(build) ignored
[0.796s] Level 1:colcon.colcon_core.package_identification:_identify(docs) by extensions ['ignore', 'ignore_ament_install']
[0.796s] Level 1:colcon.colcon_core.package_identification:_identify(docs) by extension 'ignore'
[0.796s] Level 1:colcon.colcon_core.package_identification:_identify(docs) by extension 'ignore_ament_install'
[0.796s] Level 1:colcon.colcon_core.package_identification:_identify(docs) by extensions ['colcon_pkg']
[0.796s] Level 1:colcon.colcon_core.package_identification:_identify(docs) by extension 'colcon_pkg'
[0.796s] Level 1:colcon.colcon_core.package_identification:_identify(docs) by extensions ['colcon_meta']
[0.796s] Level 1:colcon.colcon_core.package_identification:_identify(docs) by extension 'colcon_meta'
[0.796s] Level 1:colcon.colcon_core.package_identification:_identify(docs) by extensions ['ros']
[0.796s] Level 1:colcon.colcon_core.package_identification:_identify(docs) by extension 'ros'
[0.796s] Level 1:colcon.colcon_core.package_identification:_identify(docs) by extensions ['cmake', 'python']
[0.796s] Level 1:colcon.colcon_core.package_identification:_identify(docs) by extension 'cmake'
[0.796s] Level 1:colcon.colcon_core.package_identification:_identify(docs) by extension 'python'
[0.796s] Level 1:colcon.colcon_core.package_identification:_identify(docs) by extensions ['python_setup_py']
[0.796s] Level 1:colcon.colcon_core.package_identification:_identify(docs) by extension 'python_setup_py'
[0.796s] Level 1:colcon.colcon_core.package_identification:_identify(docs/bagian-1) by extensions ['ignore', 'ignore_ament_install']
[0.796s] Level 1:colcon.colcon_core.package_identification:_identify(docs/bagian-1) by extension 'ignore'
[0.796s] Level 1:colcon.colcon_core.package_identification:_identify(docs/bagian-1) by extension 'ignore_ament_install'
[0.796s] Level 1:colcon.colcon_core.package_identification:_identify(docs/bagian-1) by extensions ['colcon_pkg']
[0.796s] Level 1:colcon.colcon_core.package_identification:_identify(docs/bagian-1) by extension 'colcon_pkg'
[0.796s] Level 1:colcon.colcon_core.package_identification:_identify(docs/bagian-1) by extensions ['colcon_meta']
[0.796s] Level 1:colcon.colcon_core.package_identification:_identify(docs/bagian-1) by extension 'colcon_meta'
[0.796s] Level 1:colcon.colcon_core.package_identification:_identify(docs/bagian-1) by extensions ['ros']
[0.796s] Level 1:colcon.colcon_core.package_identification:_identify(docs/bagian-1) by extension 'ros'
[0.796s] Level 1:colcon.colcon_core.package_identification:_identify(docs/bagian-1) by extensions ['cmake', 'python']
[0.796s] Level 1:colcon.colcon_core.package_identification:_identify(docs/bagian-1) by extension 'cmake'
[0.796s] Level 1:colcon.colcon_core.package_identification:_identify(docs/bagian-1) by extension 'python'
[0.796s] Level 1:colcon.colcon_core.package_identification:_identify(docs/bagian-1) by extensions ['python_setup_py']
[0.797s] Level 1:colcon.colcon_core.package_identification:_identify(docs/bagian-1) by extension 'python_setup_py'
[0.797s] Level 1:colcon.colcon_core.package_identification:_identify(docs/bagian-2) by extensions ['ignore', 'ignore_ament_install']
[0.797s] Level 1:colcon.colcon_core.package_identification:_identify(docs/bagian-2) by extension 'ignore'
[0.797s] Level 1:colcon.colcon_core.package_identification:_identify(docs/bagian-2) by extension 'ignore_ament_install'
[0.797s] Level 1:colcon.colcon_core.package_identification:_identify(docs/bagian-2) by extensions ['colcon_pkg']
[0.797s] Level 1:colcon.colcon_core.package_identification:_identify(docs/bagian-2) by extension 'colcon_pkg'
[0.797s] Level 1:colcon.colcon_core.package_identification:_identify(docs/bagian-2) by extensions ['colcon_meta']
[0.797s] Level 1:colcon.colcon_core.package_identification:_identify(docs/bagian-2) by extension 'colcon_meta'
[0.797s] Level 1:colcon.colcon_core.package_identification:_identify(docs/bagian-2) by extensions ['ros']
[0.797s] Level 1:colcon.colcon_core.package_identification:_identify(docs/bagian-2) by extension 'ros'
[0.797s] Level 1:colcon.colcon_core.package_identification:_identify(docs/bagian-2) by extensions ['cmake', 'python']
[0.797s] Level 1:colcon.colcon_core.package_identification:_identify(docs/bagian-2) by extension 'cmake'
[0.797s] Level 1:colcon.colcon_core.package_identification:_identify(docs/bagian-2) by extension 'python'
[0.797s] Level 1:colcon.colcon_core.package_identification:_identify(docs/bagian-2) by extensions ['python_setup_py']
[0.797s] Level 1:colcon.colcon_core.package_identification:_identify(docs/bagian-2) by extension 'python_setup_py'
[0.797s] Level 1:colcon.colcon_core.package_identification:_identify(docs/bagian-3) by extensions ['ignore', 'ignore_ament_install']
[0.797s] Level 1:colcon.colcon_core.package_identification:_identify(docs/bagian-3) by extension 'ignore'
[0.797s] Level 1:colcon.colcon_core.package_identification:_identify(docs/bagian-3) by extension 'ignore_ament_install'
[0.797s] Level 1:colcon.colcon_core.package_identification:_identify(docs/bagian-3) by extensions ['colcon_pkg']
[0.797s] Level 1:colcon.colcon_core.package_identification:_identify(docs/bagian-3) by extension 'colcon_pkg'
[0.797s] Level 1:colcon.colcon_core.package_identification:_identify(docs/bagian-3) by extensions ['colcon_meta']
[0.797s] Level 1:colcon.colcon_core.package_identification:_identify(docs/bagian-3) by extension 'colcon_meta'
[0.797s] Level 1:colcon.colcon_core.package_identification:_identify(docs/bagian-3) by extensions ['ros']
[0.797s] Level 1:colcon.colcon_core.package_identification:_identify(docs/bagian-3) by extension 'ros'
[0.797s] Level 1:colcon.colcon_core.package_identification:_identify(docs/bagian-3) by extensions ['cmake', 'python']
[0.797s] Level 1:colcon.colcon_core.package_identification:_identify(docs/bagian-3) by extension 'cmake'
[0.797s] Level 1:colcon.colcon_core.package_identification:_identify(docs/bagian-3) by extension 'python'
[0.797s] Level 1:colcon.colcon_core.package_identification:_identify(docs/bagian-3) by extensions ['python_setup_py']
[0.797s] Level 1:colcon.colcon_core.package_identification:_identify(docs/bagian-3) by extension 'python_setup_py'
[0.797s] Level 1:colcon.colcon_core.package_identification:_identify(install) by extensions ['ignore', 'ignore_ament_install']
[0.798s] Level 1:colcon.colcon_core.package_identification:_identify(install) by extension 'ignore'
[0.798s] Level 1:colcon.colcon_core.package_identification:_identify(install) ignored
[0.798s] Level 1:colcon.colcon_core.package_identification:_identify(log) by extensions ['ignore', 'ignore_ament_install']
[0.798s] Level 1:colcon.colcon_core.package_identification:_identify(log) by extension 'ignore'
[0.798s] Level 1:colcon.colcon_core.package_identification:_identify(log) ignored
[0.798s] Level 1:colcon.colcon_core.package_identification:_identify(resources) by extensions ['ignore', 'ignore_ament_install']
[0.798s] Level 1:colcon.colcon_core.package_identification:_identify(resources) by extension 'ignore'
[0.798s] Level 1:colcon.colcon_core.package_identification:_identify(resources) by extension 'ignore_ament_install'
[0.798s] Level 1:colcon.colcon_core.package_identification:_identify(resources) by extensions ['colcon_pkg']
[0.798s] Level 1:colcon.colcon_core.package_identification:_identify(resources) by extension 'colcon_pkg'
[0.798s] Level 1:colcon.colcon_core.package_identification:_identify(resources) by extensions ['colcon_meta']
[0.798s] Level 1:colcon.colcon_core.package_identification:_identify(resources) by extension 'colcon_meta'
[0.798s] Level 1:colcon.colcon_core.package_identification:_identify(resources) by extensions ['ros']
[0.798s] Level 1:colcon.colcon_core.package_identification:_identify(resources) by extension 'ros'
[0.798s] Level 1:colcon.colcon_core.package_identification:_identify(resources) by extensions ['cmake', 'python']
[0.798s] Level 1:colcon.colcon_core.package_identification:_identify(resources) by extension 'cmake'
[0.798s] Level 1:colcon.colcon_core.package_identification:_identify(resources) by extension 'python'
[0.798s] Level 1:colcon.colcon_core.package_identification:_identify(resources) by extensions ['python_setup_py']
[0.798s] Level 1:colcon.colcon_core.package_identification:_identify(resources) by extension 'python_setup_py'
[0.798s] Level 1:colcon.colcon_core.package_identification:_identify(src) by extensions ['ignore', 'ignore_ament_install']
[0.798s] Level 1:colcon.colcon_core.package_identification:_identify(src) by extension 'ignore'
[0.798s] Level 1:colcon.colcon_core.package_identification:_identify(src) by extension 'ignore_ament_install'
[0.798s] Level 1:colcon.colcon_core.package_identification:_identify(src) by extensions ['colcon_pkg']
[0.798s] Level 1:colcon.colcon_core.package_identification:_identify(src) by extension 'colcon_pkg'
[0.798s] Level 1:colcon.colcon_core.package_identification:_identify(src) by extensions ['colcon_meta']
[0.798s] Level 1:colcon.colcon_core.package_identification:_identify(src) by extension 'colcon_meta'
[0.798s] Level 1:colcon.colcon_core.package_identification:_identify(src) by extensions ['ros']
[0.798s] Level 1:colcon.colcon_core.package_identification:_identify(src) by extension 'ros'
[0.798s] Level 1:colcon.colcon_core.package_identification:_identify(src) by extensions ['cmake', 'python']
[0.798s] Level 1:colcon.colcon_core.package_identification:_identify(src) by extension 'cmake'
[0.798s] Level 1:colcon.colcon_core.package_identification:_identify(src) by extension 'python'
[0.798s] Level 1:colcon.colcon_core.package_identification:_identify(src) by extensions ['python_setup_py']
[0.798s] Level 1:colcon.colcon_core.package_identification:_identify(src) by extension 'python_setup_py'
[0.799s] Level 1:colcon.colcon_core.package_identification:_identify(src/destroyer) by extensions ['ignore', 'ignore_ament_install']
[0.799s] Level 1:colcon.colcon_core.package_identification:_identify(src/destroyer) by extension 'ignore'
[0.799s] Level 1:colcon.colcon_core.package_identification:_identify(src/destroyer) by extension 'ignore_ament_install'
[0.799s] Level 1:colcon.colcon_core.package_identification:_identify(src/destroyer) by extensions ['colcon_pkg']
[0.799s] Level 1:colcon.colcon_core.package_identification:_identify(src/destroyer) by extension 'colcon_pkg'
[0.799s] Level 1:colcon.colcon_core.package_identification:_identify(src/destroyer) by extensions ['colcon_meta']
[0.799s] Level 1:colcon.colcon_core.package_identification:_identify(src/destroyer) by extension 'colcon_meta'
[0.799s] Level 1:colcon.colcon_core.package_identification:_identify(src/destroyer) by extensions ['ros']
[0.799s] Level 1:colcon.colcon_core.package_identification:_identify(src/destroyer) by extension 'ros'
[0.800s] DEBUG:colcon.colcon_core.package_identification:Package 'src/destroyer' with type 'ros.ament_cmake' and name 'destroyer'
[0.800s] Level 1:colcon.colcon_core.package_discovery:discover_packages(recursive) using defaults
[0.800s] Level 1:colcon.colcon_core.package_discovery:discover_packages(ignore) discover
[0.800s] Level 1:colcon.colcon_core.package_discovery:discover_packages(ignore) using defaults
[0.800s] Level 1:colcon.colcon_core.package_discovery:discover_packages(path) discover
[0.800s] Level 1:colcon.colcon_core.package_discovery:discover_packages(path) using defaults
[0.820s] Level 1:colcon.colcon_core.package_discovery:discover_packages(prefix_path) check parameters
[0.820s] Level 1:colcon.colcon_core.package_discovery:discover_packages(prefix_path) discover
[0.821s] DEBUG:colcon.colcon_installed_package_information.package_discovery:Found 1 installed packages in /home/aryxon/tugas-d2-sekuro18-13325096/install
[0.821s] DEBUG:colcon.colcon_installed_package_information.package_discovery:Found 273 installed packages in /opt/ros/humble
[0.822s] Level 1:colcon.colcon_core.package_discovery:discover_packages(prefix_path) using defaults
[0.842s] Level 5:colcon.colcon_core.verb:set package 'destroyer' build argument 'cmake_args' from command line to 'None'
[0.842s] Level 5:colcon.colcon_core.verb:set package 'destroyer' build argument 'cmake_target' from command line to 'None'
[0.842s] Level 5:colcon.colcon_core.verb:set package 'destroyer' build argument 'cmake_target_skip_unavailable' from command line to 'False'
[0.842s] Level 5:colcon.colcon_core.verb:set package 'destroyer' build argument 'cmake_clean_cache' from command line to 'False'
[0.842s] Level 5:colcon.colcon_core.verb:set package 'destroyer' build argument 'cmake_clean_first' from command line to 'False'
[0.842s] Level 5:colcon.colcon_core.verb:set package 'destroyer' build argument 'cmake_force_configure' from command line to 'False'
[0.842s] Level 5:colcon.colcon_core.verb:set package 'destroyer' build argument 'ament_cmake_args' from command line to 'None'
[0.842s] Level 5:colcon.colcon_core.verb:set package 'destroyer' build argument 'catkin_cmake_args' from command line to 'None'
[0.842s] Level 5:colcon.colcon_core.verb:set package 'destroyer' build argument 'catkin_skip_building_tests' from command line to 'False'
[0.842s] DEBUG:colcon.colcon_core.verb:Building package 'destroyer' with the following arguments: {'ament_cmake_args': None, 'build_base': '/home/aryxon/tugas-d2-sekuro18-13325096/build/destroyer', 'catkin_cmake_args': None, 'catkin_skip_building_tests': False, 'cmake_args': None, 'cmake_clean_cache': False, 'cmake_clean_first': False, 'cmake_force_configure': False, 'cmake_target': None, 'cmake_target_skip_unavailable': False, 'install_base': '/home/aryxon/tugas-d2-sekuro18-13325096/install/destroyer', 'merge_install': False, 'path': '/home/aryxon/tugas-d2-sekuro18-13325096/src/destroyer', 'symlink_install': False, 'test_result_base': None}
[0.842s] INFO:colcon.colcon_core.executor:Executing jobs using 'parallel' executor
[0.843s] DEBUG:colcon.colcon_parallel_executor.executor.parallel:run_until_complete
[0.844s] INFO:colcon.colcon_ros.task.ament_cmake.build:Building ROS package in '/home/aryxon/tugas-d2-sekuro18-13325096/src/destroyer' with build type 'ament_cmake'
[0.844s] INFO:colcon.colcon_cmake.task.cmake.build:Building CMake package in '/home/aryxon/tugas-d2-sekuro18-13325096/src/destroyer'
[0.845s] INFO:colcon.colcon_core.plugin_system:Skipping extension 'colcon_core.shell.bat': Not used on non-Windows systems
[0.845s] INFO:colcon.colcon_core.shell:Skip shell extension 'powershell' for command environment: Not usable outside of PowerShell
[0.846s] DEBUG:colcon.colcon_core.shell:Skip shell extension 'dsv' for command environment
[0.852s] DEBUG:colcon.colcon_core.event_handler.log_command:Invoking command in '/home/aryxon/tugas-d2-sekuro18-13325096/build/destroyer': CMAKE_PREFIX_PATH=${CMAKE_PREFIX_PATH}:/opt/ros/humble /usr/bin/cmake --build /home/aryxon/tugas-d2-sekuro18-13325096/build/destroyer -- -j16 -l16
[35.277s] DEBUG:colcon.colcon_core.event_handler.log_command:Invoked command in '/home/aryxon/tugas-d2-sekuro18-13325096/build/destroyer' returned '0': CMAKE_PREFIX_PATH=${CMAKE_PREFIX_PATH}:/opt/ros/humble /usr/bin/cmake --build /home/aryxon/tugas-d2-sekuro18-13325096/build/destroyer -- -j16 -l16
[35.283s] DEBUG:colcon.colcon_core.event_handler.log_command:Invoking command in '/home/aryxon/tugas-d2-sekuro18-13325096/build/destroyer': CMAKE_PREFIX_PATH=${CMAKE_PREFIX_PATH}:/opt/ros/humble /usr/bin/cmake --install /home/aryxon/tugas-d2-sekuro18-13325096/build/destroyer
[35.300s] Level 1:colcon.colcon_core.environment:create_environment_scripts_only(destroyer)
[35.300s] DEBUG:colcon.colcon_core.event_handler.log_command:Invoked command in '/home/aryxon/tugas-d2-sekuro18-13325096/build/destroyer' returned '0': CMAKE_PREFIX_PATH=${CMAKE_PREFIX_PATH}:/opt/ros/humble /usr/bin/cmake --install /home/aryxon/tugas-d2-sekuro18-13325096/build/destroyer
[35.302s] Level 1:colcon.colcon_core.environment:checking '/home/aryxon/tugas-d2-sekuro18-13325096/install/destroyer' for CMake module files
[35.302s] Level 1:colcon.colcon_core.environment:checking '/home/aryxon/tugas-d2-sekuro18-13325096/install/destroyer' for CMake config files
[35.302s] Level 1:colcon.colcon_core.shell:create_environment_hook('destroyer', 'cmake_prefix_path')
[35.303s] INFO:colcon.colcon_core.shell:Creating environment hook '/home/aryxon/tugas-d2-sekuro18-13325096/install/destroyer/share/destroyer/hook/cmake_prefix_path.ps1'
[35.303s] INFO:colcon.colcon_core.shell:Creating environment descriptor '/home/aryxon/tugas-d2-sekuro18-13325096/install/destroyer/share/destroyer/hook/cmake_prefix_path.dsv'
[35.304s] INFO:colcon.colcon_core.shell:Creating environment hook '/home/aryxon/tugas-d2-sekuro18-13325096/install/destroyer/share/destroyer/hook/cmake_prefix_path.sh'
[35.304s] Level 1:colcon.colcon_core.environment:checking '/home/aryxon/tugas-d2-sekuro18-13325096/install/destroyer/lib'
[35.304s] Level 1:colcon.colcon_core.environment:checking '/home/aryxon/tugas-d2-sekuro18-13325096/install/destroyer/bin'
[35.304s] Level 1:colcon.colcon_core.environment:checking '/home/aryxon/tugas-d2-sekuro18-13325096/install/destroyer/lib/pkgconfig/destroyer.pc'
[35.305s] Level 1:colcon.colcon_core.environment:checking '/home/aryxon/tugas-d2-sekuro18-13325096/install/destroyer/lib/python3.10/site-packages'
[35.305s] Level 1:colcon.colcon_core.environment:checking '/home/aryxon/tugas-d2-sekuro18-13325096/install/destroyer/bin'
[35.305s] INFO:colcon.colcon_core.shell:Creating package script '/home/aryxon/tugas-d2-sekuro18-13325096/install/destroyer/share/destroyer/package.ps1'
[35.305s] INFO:colcon.colcon_core.shell:Creating package descriptor '/home/aryxon/tugas-d2-sekuro18-13325096/install/destroyer/share/destroyer/package.dsv'
[35.306s] INFO:colcon.colcon_core.shell:Creating package script '/home/aryxon/tugas-d2-sekuro18-13325096/install/destroyer/share/destroyer/package.sh'
[35.306s] INFO:colcon.colcon_core.shell:Creating package script '/home/aryxon/tugas-d2-sekuro18-13325096/install/destroyer/share/destroyer/package.bash'
[35.307s] INFO:colcon.colcon_core.shell:Creating package script '/home/aryxon/tugas-d2-sekuro18-13325096/install/destroyer/share/destroyer/package.zsh'
[35.307s] Level 1:colcon.colcon_core.environment:create_file_with_runtime_dependencies(/home/aryxon/tugas-d2-sekuro18-13325096/install/destroyer/share/colcon-core/packages/destroyer)
[35.307s] Level 1:colcon.colcon_core.environment:create_environment_scripts_only(destroyer)
[35.308s] Level 1:colcon.colcon_core.environment:checking '/home/aryxon/tugas-d2-sekuro18-13325096/install/destroyer' for CMake module files
[35.308s] Level 1:colcon.colcon_core.environment:checking '/home/aryxon/tugas-d2-sekuro18-13325096/install/destroyer' for CMake config files
[35.308s] Level 1:colcon.colcon_core.shell:create_environment_hook('destroyer', 'cmake_prefix_path')
[35.308s] INFO:colcon.colcon_core.shell:Creating environment hook '/home/aryxon/tugas-d2-sekuro18-13325096/install/destroyer/share/destroyer/hook/cmake_prefix_path.ps1'
[35.308s] INFO:colcon.colcon_core.shell:Creating environment descriptor '/home/aryxon/tugas-d2-sekuro18-13325096/install/destroyer/share/destroyer/hook/cmake_prefix_path.dsv'
[35.309s] INFO:colcon.colcon_core.shell:Creating environment hook '/home/aryxon/tugas-d2-sekuro18-13325096/install/destroyer/share/destroyer/hook/cmake_prefix_path.sh'
[35.309s] Level 1:colcon.colcon_core.environment:checking '/home/aryxon/tugas-d2-sekuro18-13325096/install/destroyer/lib'
[35.309s] Level 1:colcon.colcon_core.environment:checking '/home/aryxon/tugas-d2-sekuro18-13325096/install/destroyer/bin'
[35.309s] Level 1:colcon.colcon_core.environment:checking '/home/aryxon/tugas-d2-sekuro18-13325096/install/destroyer/lib/pkgconfig/destroyer.pc'
[35.309s] Level 1:colcon.colcon_core.environment:checking '/home/aryxon/tugas-d2-sekuro18-13325096/install/destroyer/lib/python3.10/site-packages'
[35.309s] Level 1:colcon.colcon_core.environment:checking '/home/aryxon/tugas-d2-sekuro18-13325096/install/destroyer/bin'
[35.310s] INFO:colcon.colcon_core.shell:Creating package script '/home/aryxon/tugas-d2-sekuro18-13325096/install/destroyer/share/destroyer/package.ps1'
[35.310s] INFO:colcon.colcon_core.shell:Creating package descriptor '/home/aryxon/tugas-d2-sekuro18-13325096/install/destroyer/share/destroyer/package.dsv'
[35.310s] INFO:colcon.colcon_core.shell:Creating package script '/home/aryxon/tugas-d2-sekuro18-13325096/install/destroyer/share/destroyer/package.sh'
[35.311s] INFO:colcon.colcon_core.shell:Creating package script '/home/aryxon/tugas-d2-sekuro18-13325096/install/destroyer/share/destroyer/package.bash'
[35.311s] INFO:colcon.colcon_core.shell:Creating package script '/home/aryxon/tugas-d2-sekuro18-13325096/install/destroyer/share/destroyer/package.zsh'
[35.311s] Level 1:colcon.colcon_core.environment:create_file_with_runtime_dependencies(/home/aryxon/tugas-d2-sekuro18-13325096/install/destroyer/share/colcon-core/packages/destroyer)
[35.312s] DEBUG:colcon.colcon_parallel_executor.executor.parallel:closing loop
[35.312s] DEBUG:colcon.colcon_parallel_executor.executor.parallel:loop closed
[35.312s] DEBUG:colcon.colcon_parallel_executor.executor.parallel:run_until_complete finished with '0'
[35.312s] DEBUG:colcon.colcon_core.event_reactor:joining thread
[35.724s] INFO:colcon.colcon_core.plugin_system:Skipping extension 'colcon_notification.desktop_notification.notify_send': Could not find 'notify-send'
[35.724s] INFO:colcon.colcon_core.plugin_system:Skipping extension 'colcon_notification.desktop_notification.terminal_notifier': Not used on non-Darwin systems
[35.725s] INFO:colcon.colcon_core.plugin_system:Skipping extension 'colcon_notification.desktop_notification.win32': Not used on non-Windows systems
[35.725s] INFO:colcon.colcon_notification.desktop_notification:Sending desktop notification using 'notify2'
[35.725s] DEBUG:colcon.colcon_notification.desktop_notification.notify2:Failed to initialize notify2: org.freedesktop.DBus.Error.FileNotFound: Failed to connect to socket /run/user/1000/bus: No such file or directory
[35.725s] DEBUG:colcon.colcon_core.event_reactor:joined thread
[35.725s] INFO:colcon.colcon_core.shell:Creating prefix script '/home/aryxon/tugas-d2-sekuro18-13325096/install/local_setup.ps1'
[35.726s] INFO:colcon.colcon_core.shell:Creating prefix util module '/home/aryxon/tugas-d2-sekuro18-13325096/install/_local_setup_util_ps1.py'
[35.727s] INFO:colcon.colcon_core.shell:Creating prefix chain script '/home/aryxon/tugas-d2-sekuro18-13325096/install/setup.ps1'
[35.727s] INFO:colcon.colcon_core.shell:Creating prefix script '/home/aryxon/tugas-d2-sekuro18-13325096/install/local_setup.sh'
[35.728s] INFO:colcon.colcon_core.shell:Creating prefix util module '/home/aryxon/tugas-d2-sekuro18-13325096/install/_local_setup_util_sh.py'
[35.728s] INFO:colcon.colcon_core.shell:Creating prefix chain script '/home/aryxon/tugas-d2-sekuro18-13325096/install/setup.sh'
[35.729s] INFO:colcon.colcon_core.shell:Creating prefix script '/home/aryxon/tugas-d2-sekuro18-13325096/install/local_setup.bash'
[35.729s] INFO:colcon.colcon_core.shell:Creating prefix chain script '/home/aryxon/tugas-d2-sekuro18-13325096/install/setup.bash'
[35.730s] INFO:colcon.colcon_core.shell:Creating prefix script '/home/aryxon/tugas-d2-sekuro18-13325096/install/local_setup.zsh'
[35.730s] INFO:colcon.colcon_core.shell:Creating prefix chain script '/home/aryxon/tugas-d2-sekuro18-13325096/install/setup.zsh'
