[0.009s] Invoking command in '/home/aryxon/tugas-d2-sekuro18-13325096/build/destroyer': CMAKE_PREFIX_PATH=${CMAKE_PREFIX_PATH}:/opt/ros/humble /usr/bin/cmake --build /home/aryxon/tugas-d2-sekuro18-13325096/build/destroyer -- -j16 -l16
[0.042s] [35m[1mConsolidate compiler generated dependencies of target check_move_destroyer[0m
[0.042s] [35m[1mConsolidate compiler generated dependencies of target auto_mode_destroyer[0m
[0.044s] [35m[1mConsolidate compiler generated dependencies of target move_mode_destroyer[0m
[0.050s] [35m[1mConsolidate compiler generated dependencies of target drive_mode_destroyer[0m
[0.054s] [ 25%] Built target auto_mode_destroyer
[0.055s] [ 50%] Built target check_move_destroyer
[0.057s] [ 75%] Built target move_mode_destroyer
[0.061s] [100%] Built target drive_mode_destroyer
[0.069s] Invoked command in '/home/aryxon/tugas-d2-sekuro18-13325096/build/destroyer' returned '0': CMAKE_PREFIX_PATH=${CMAKE_PREFIX_PATH}:/opt/ros/humble /usr/bin/cmake --build /home/aryxon/tugas-d2-sekuro18-13325096/build/destroyer -- -j16 -l16
[0.077s] Invoking command in '/home/aryxon/tugas-d2-sekuro18-13325096/build/destroyer': CMAKE_PREFIX_PATH=${CMAKE_PREFIX_PATH}:/opt/ros/humble /usr/bin/cmake --install /home/aryxon/tugas-d2-sekuro18-13325096/build/destroyer
[0.081s] -- Install configuration: ""
[0.082s] -- Up-to-date: /home/aryxon/tugas-d2-sekuro18-13325096/install/destroyer/lib/destroyer/auto_mode_destroyer
[0.082s] -- Up-to-date: /home/aryxon/tugas-d2-sekuro18-13325096/install/destroyer/lib/destroyer/check_move_destroyer
[0.082s] -- Up-to-date: /home/aryxon/tugas-d2-sekuro18-13325096/install/destroyer/lib/destroyer/drive_mode_destroyer
[0.082s] -- Up-to-date: /home/aryxon/tugas-d2-sekuro18-13325096/install/destroyer/lib/destroyer/move_mode_destroyer
[0.082s] -- Up-to-date: /home/aryxon/tugas-d2-sekuro18-13325096/install/destroyer/share/destroyer/launch
[0.082s] -- Up-to-date: /home/aryxon/tugas-d2-sekuro18-13325096/install/destroyer/share/destroyer/launch/.gitkeep
[0.082s] -- Installing: /home/aryxon/tugas-d2-sekuro18-13325096/install/destroyer/share/destroyer/launch/anzio_launch.py
[0.083s] -- Up-to-date: /home/aryxon/tugas-d2-sekuro18-13325096/install/destroyer/share/ament_index/resource_index/package_run_dependencies/destroyer
[0.083s] -- Up-to-date: /home/aryxon/tugas-d2-sekuro18-13325096/install/destroyer/share/ament_index/resource_index/parent_prefix_path/destroyer
[0.083s] -- Up-to-date: /home/aryxon/tugas-d2-sekuro18-13325096/install/destroyer/share/destroyer/environment/ament_prefix_path.sh
[0.083s] -- Up-to-date: /home/aryxon/tugas-d2-sekuro18-13325096/install/destroyer/share/destroyer/environment/ament_prefix_path.dsv
[0.083s] -- Up-to-date: /home/aryxon/tugas-d2-sekuro18-13325096/install/destroyer/share/destroyer/environment/path.sh
[0.083s] -- Up-to-date: /home/aryxon/tugas-d2-sekuro18-13325096/install/destroyer/share/destroyer/environment/path.dsv
[0.083s] -- Up-to-date: /home/aryxon/tugas-d2-sekuro18-13325096/install/destroyer/share/destroyer/local_setup.bash
[0.083s] -- Up-to-date: /home/aryxon/tugas-d2-sekuro18-13325096/install/destroyer/share/destroyer/local_setup.sh
[0.083s] -- Up-to-date: /home/aryxon/tugas-d2-sekuro18-13325096/install/destroyer/share/destroyer/local_setup.zsh
[0.083s] -- Up-to-date: /home/aryxon/tugas-d2-sekuro18-13325096/install/destroyer/share/destroyer/local_setup.dsv
[0.083s] -- Installing: /home/aryxon/tugas-d2-sekuro18-13325096/install/destroyer/share/destroyer/package.dsv
[0.083s] -- Up-to-date: /home/aryxon/tugas-d2-sekuro18-13325096/install/destroyer/share/ament_index/resource_index/packages/destroyer
[0.083s] -- Up-to-date: /home/aryxon/tugas-d2-sekuro18-13325096/install/destroyer/share/destroyer/cmake/destroyerConfig.cmake
[0.083s] -- Up-to-date: /home/aryxon/tugas-d2-sekuro18-13325096/install/destroyer/share/destroyer/cmake/destroyerConfig-version.cmake
[0.084s] -- Up-to-date: /home/aryxon/tugas-d2-sekuro18-13325096/install/destroyer/share/destroyer/package.xml
[0.084s] Invoked command in '/home/aryxon/tugas-d2-sekuro18-13325096/build/destroyer' returned '0': CMAKE_PREFIX_PATH=${CMAKE_PREFIX_PATH}:/opt/ros/humble /usr/bin/cmake --install /home/aryxon/tugas-d2-sekuro18-13325096/build/destroyer
