[0.014s] Invoking command in '/home/aryxon/tugas-d2-sekuro18-13325096/src/destroyer/build/package_name': CMAKE_PREFIX_PATH=/opt/ros/humble /usr/bin/cmake /home/aryxon/tugas-d2-sekuro18-13325096/src/destroyer -DCMAKE_INSTALL_PREFIX=/home/aryxon/tugas-d2-sekuro18-13325096/src/destroyer/install/package_name
[0.266s] -- The C compiler identification is GNU 11.4.0
[0.743s] -- The CXX compiler identification is GNU 11.4.0
[1.050s] -- Detecting C compiler ABI info
[1.193s] -- Detecting C compiler ABI info - done
[1.198s] -- Check for working C compiler: /usr/bin/cc - skipped
[1.201s] -- Detecting C compile features
[1.201s] -- Detecting C compile features - done
[1.205s] -- Detecting CXX compiler ABI info
[1.332s] -- Detecting CXX compiler ABI info - done
[1.337s] -- Check for working CXX compiler: /usr/bin/c++ - skipped
[1.337s] -- Detecting CXX compile features
[1.338s] -- Detecting CXX compile features - done
[1.387s] -- Found ament_cmake: 1.3.13 (/opt/ros/humble/share/ament_cmake/cmake)
[1.504s] -- Found Python3: /usr/bin/python3 (found version "3.10.12") found components: Interpreter 
[1.620s] -- Found rclcpp: 16.0.18 (/opt/ros/humble/share/rclcpp/cmake)
[1.854s] -- Found rosidl_generator_c: 3.1.8 (/opt/ros/humble/share/rosidl_generator_c/cmake)
[1.860s] -- Found rosidl_adapter: 3.1.8 (/opt/ros/humble/share/rosidl_adapter/cmake)
[1.873s] -- Found rosidl_generator_cpp: 3.1.8 (/opt/ros/humble/share/rosidl_generator_cpp/cmake)
[1.891s] -- Using all available rosidl_typesupport_c: rosidl_typesupport_fastrtps_c;rosidl_typesupport_introspection_c
[1.911s] -- Using all available rosidl_typesupport_cpp: rosidl_typesupport_fastrtps_cpp;rosidl_typesupport_introspection_cpp
[1.968s] -- Found rmw_implementation_cmake: 6.1.2 (/opt/ros/humble/share/rmw_implementation_cmake/cmake)
[1.972s] -- Found rmw_fastrtps_cpp: 6.2.10 (/opt/ros/humble/share/rmw_fastrtps_cpp/cmake)
[2.961s] -- Found OpenSSL: /usr/lib/x86_64-linux-gnu/libcrypto.so (found version "3.0.2")  
[5.377s] -- Found FastRTPS: /opt/ros/humble/include  
[7.627s] -- Using RMW implementation 'rmw_fastrtps_cpp' as default
[7.641s] -- Looking for pthread.h
[7.788s] -- Looking for pthread.h - found
[7.789s] -- Performing Test CMAKE_HAVE_LIBC_PTHREAD
[7.909s] -- Performing Test CMAKE_HAVE_LIBC_PTHREAD - Success
[7.910s] -- Found Threads: TRUE  
[7.977s] -- Found geometry_msgs: 4.9.1 (/opt/ros/humble/share/geometry_msgs/cmake)
[8.008s] -- Found ament_lint_auto: 0.12.15 (/opt/ros/humble/share/ament_lint_auto/cmake)
[8.093s] -- Added test 'cppcheck' to perform static code analysis on C / C++ code
[8.093s] -- Configured cppcheck include dirs: 
[8.093s] -- Configured cppcheck exclude dirs and/or files: 
[8.094s] -- Added test 'flake8' to check Python code syntax and style conventions
[8.095s] -- Added test 'lint_cmake' to check CMake code style
[8.096s] -- Added test 'pep257' to check Python code against some of the docstring style conventions in PEP 257
[8.099s] -- Added test 'uncrustify' to check C / C++ code style
[8.099s] -- Configured uncrustify additional arguments: 
[8.100s] -- Added test 'xmllint' to check XML markup files
[8.102s] -- Configuring done
[8.119s] -- Generating done
[8.126s] -- Build files have been written to: /home/aryxon/tugas-d2-sekuro18-13325096/src/destroyer/build/package_name
[8.135s] Invoked command in '/home/aryxon/tugas-d2-sekuro18-13325096/src/destroyer/build/package_name' returned '0': CMAKE_PREFIX_PATH=/opt/ros/humble /usr/bin/cmake /home/aryxon/tugas-d2-sekuro18-13325096/src/destroyer -DCMAKE_INSTALL_PREFIX=/home/aryxon/tugas-d2-sekuro18-13325096/src/destroyer/install/package_name
[8.138s] Invoking command in '/home/aryxon/tugas-d2-sekuro18-13325096/src/destroyer/build/package_name': CMAKE_PREFIX_PATH=/opt/ros/humble /usr/bin/cmake --build /home/aryxon/tugas-d2-sekuro18-13325096/src/destroyer/build/package_name -- -j16 -l16
[8.174s] [ 12%] [32mBuilding CXX object CMakeFiles/check_move_destroyer.dir/src/destroyer_check.cpp.o[0m
[8.174s] [ 25%] [32mBuilding CXX object CMakeFiles/auto_mode_destroyer.dir/src/destroyer_auto.cpp.o[0m
[8.180s] [ 37%] [32mBuilding CXX object CMakeFiles/drive_mode_destroyer.dir/src/destroyer_drive.cpp.o[0m
[8.182s] [ 50%] [32mBuilding CXX object CMakeFiles/move_mode_destroyer.dir/src/destroyer_move.cpp.o[0m
[12.195s] [ 62%] [32m[1mLinking CXX executable drive_mode_destroyer[0m
[12.327s] [ 75%] [32m[1mLinking CXX executable auto_mode_destroyer[0m
[12.455s] [ 75%] Built target drive_mode_destroyer
[12.533s] [ 75%] Built target auto_mode_destroyer
[15.745s] [ 87%] [32m[1mLinking CXX executable check_move_destroyer[0m
[16.126s] [ 87%] Built target check_move_destroyer
[17.094s] [100%] [32m[1mLinking CXX executable move_mode_destroyer[0m
[17.889s] [100%] Built target move_mode_destroyer
[17.899s] Invoked command in '/home/aryxon/tugas-d2-sekuro18-13325096/src/destroyer/build/package_name' returned '0': CMAKE_PREFIX_PATH=/opt/ros/humble /usr/bin/cmake --build /home/aryxon/tugas-d2-sekuro18-13325096/src/destroyer/build/package_name -- -j16 -l16
[17.907s] Invoking command in '/home/aryxon/tugas-d2-sekuro18-13325096/src/destroyer/build/package_name': CMAKE_PREFIX_PATH=/opt/ros/humble /usr/bin/cmake --install /home/aryxon/tugas-d2-sekuro18-13325096/src/destroyer/build/package_name
[17.912s] -- Install configuration: ""
[17.913s] -- Installing: /home/aryxon/tugas-d2-sekuro18-13325096/src/destroyer/install/package_name/lib/package_name/auto_mode_destroyer
[17.914s] -- Set runtime path of "/home/aryxon/tugas-d2-sekuro18-13325096/src/destroyer/install/package_name/lib/package_name/auto_mode_destroyer" to ""
[17.914s] -- Installing: /home/aryxon/tugas-d2-sekuro18-13325096/src/destroyer/install/package_name/lib/package_name/check_move_destroyer
[17.917s] -- Set runtime path of "/home/aryxon/tugas-d2-sekuro18-13325096/src/destroyer/install/package_name/lib/package_name/check_move_destroyer" to ""
[17.917s] -- Installing: /home/aryxon/tugas-d2-sekuro18-13325096/src/destroyer/install/package_name/lib/package_name/drive_mode_destroyer
[17.918s] -- Set runtime path of "/home/aryxon/tugas-d2-sekuro18-13325096/src/destroyer/install/package_name/lib/package_name/drive_mode_destroyer" to ""
[17.918s] -- Installing: /home/aryxon/tugas-d2-sekuro18-13325096/src/destroyer/install/package_name/lib/package_name/move_mode_destroyer
[17.922s] -- Set runtime path of "/home/aryxon/tugas-d2-sekuro18-13325096/src/destroyer/install/package_name/lib/package_name/move_mode_destroyer" to ""
[17.922s] -- Installing: /home/aryxon/tugas-d2-sekuro18-13325096/src/destroyer/install/package_name/share/package_name/launch
[17.922s] -- Installing: /home/aryxon/tugas-d2-sekuro18-13325096/src/destroyer/install/package_name/share/package_name/launch/.gitkeep
[17.923s] -- Installing: /home/aryxon/tugas-d2-sekuro18-13325096/src/destroyer/install/package_name/share/ament_index/resource_index/package_run_dependencies/package_name
[17.923s] -- Installing: /home/aryxon/tugas-d2-sekuro18-13325096/src/destroyer/install/package_name/share/ament_index/resource_index/parent_prefix_path/package_name
[17.924s] -- Installing: /home/aryxon/tugas-d2-sekuro18-13325096/src/destroyer/install/package_name/share/package_name/environment/ament_prefix_path.sh
[17.924s] -- Installing: /home/aryxon/tugas-d2-sekuro18-13325096/src/destroyer/install/package_name/share/package_name/environment/ament_prefix_path.dsv
[17.924s] -- Installing: /home/aryxon/tugas-d2-sekuro18-13325096/src/destroyer/install/package_name/share/package_name/environment/path.sh
[17.925s] -- Installing: /home/aryxon/tugas-d2-sekuro18-13325096/src/destroyer/install/package_name/share/package_name/environment/path.dsv
[17.925s] -- Installing: /home/aryxon/tugas-d2-sekuro18-13325096/src/destroyer/install/package_name/share/package_name/local_setup.bash
[17.925s] -- Installing: /home/aryxon/tugas-d2-sekuro18-13325096/src/destroyer/install/package_name/share/package_name/local_setup.sh
[17.925s] -- Installing: /home/aryxon/tugas-d2-sekuro18-13325096/src/destroyer/install/package_name/share/package_name/local_setup.zsh
[17.925s] -- Installing: /home/aryxon/tugas-d2-sekuro18-13325096/src/destroyer/install/package_name/share/package_name/local_setup.dsv
[17.925s] -- Installing: /home/aryxon/tugas-d2-sekuro18-13325096/src/destroyer/install/package_name/share/package_name/package.dsv
[17.925s] -- Installing: /home/aryxon/tugas-d2-sekuro18-13325096/src/destroyer/install/package_name/share/ament_index/resource_index/packages/package_name
[17.925s] -- Installing: /home/aryxon/tugas-d2-sekuro18-13325096/src/destroyer/install/package_name/share/package_name/cmake/package_nameConfig.cmake
[17.925s] -- Installing: /home/aryxon/tugas-d2-sekuro18-13325096/src/destroyer/install/package_name/share/package_name/cmake/package_nameConfig-version.cmake
[17.925s] -- Installing: /home/aryxon/tugas-d2-sekuro18-13325096/src/destroyer/install/package_name/share/package_name/package.xml
[17.927s] Invoked command in '/home/aryxon/tugas-d2-sekuro18-13325096/src/destroyer/build/package_name' returned '0': CMAKE_PREFIX_PATH=/opt/ros/humble /usr/bin/cmake --install /home/aryxon/tugas-d2-sekuro18-13325096/src/destroyer/build/package_name
